<?xml version="1.0" encoding="UTF-8"?>
<testng-results total="1" passed="1" failed="0" skipped="0">
  <reporter-output>
  </reporter-output>
  <suite started-at="2021-02-22T06:12:23Z" name="Default suite" finished-at="2021-02-22T06:12:23Z" duration-ms="64">
    <groups>
    </groups>
    <test started-at="2021-02-22T06:12:23Z" name="Default test" finished-at="2021-02-22T06:12:23Z" duration-ms="64">
      <class name="Testprgm">
        <test-method signature="hellotest()[pri:0, instance:Testprgm@4167d97b]" started-at="2021-02-22T11:42:23Z" name="hellotest" finished-at="2021-02-22T11:42:23Z" duration-ms="41" status="PASS">
          <reporter-output>
          </reporter-output>
        </test-method> <!-- hellotest -->
      </class> <!-- Testprgm -->
    </test> <!-- Default test -->
  </suite> <!-- Default suite -->
</testng-results>
